#
# A fatal error has been detected by the Java Runtime Environment:
#
#  Internal Error (vmThread.cpp:658), pid=12748, tid=0x00000000000030f8
#  fatal error: Nested VM operation CollectForMetadataAllocation requested by operation ChangeBreakpoints
#
# JRE version: Java(TM) SE Runtime Environment (8.0_111-b14) (build 1.8.0_111-b14)
# Java VM: Java HotSpot(TM) 64-Bit Server VM (25.111-b14 mixed mode windows-amd64 compressed oops)
# Failed to write core dump. Minidumps are not enabled by default on client versions of Windows
#
# If you would like to submit a bug report, please visit:
#   http://bugreport.java.com/bugreport/crash.jsp
#

---------------  T H R E A D  ---------------

Current thread (0x0000000019c28800):  VMThread [stack: 0x000000001b910000,0x000000001ba10000] [id=12536]

Stack: [0x000000001b910000,0x000000001ba10000]
[error occurred during error reporting (printing stack bounds), id 0xc0000005]

Native frames: (J=compiled Java code, j=interpreted, Vv=VM code, C=native code)

VM_Operation (0x000000001c30f4b0): ChangeBreakpoints, mode: safepoint, requested by thread 0x000000001bbac800


---------------  P R O C E S S  ---------------

Java Threads: ( => current thread )
  0x000000001e89f800 JavaThread "Abandoned connection cleanup thread" daemon [_thread_blocked, id=516, stack(0x0000000021080000,0x0000000021180000)]
  0x000000001e8a2000 JavaThread "container-0" [_thread_blocked, id=19592, stack(0x0000000020f80000,0x0000000021080000)]
  0x000000001e89f000 JavaThread "ContainerBackgroundProcessor[StandardEngine[Tomcat]]" daemon [_thread_blocked, id=19888, stack(0x0000000020e80000,0x0000000020f80000)]
  0x000000001ebab800 JavaThread "localhost-startStop-1" daemon [_thread_blocked, id=18256, stack(0x0000000020a80000,0x0000000020b80000)]
  0x000000001ebab000 JavaThread "Tomcat-startStop-1" daemon [_thread_blocked, id=13148, stack(0x0000000020980000,0x0000000020a80000)]
  0x000000001cd79000 JavaThread "RMI TCP Connection(2)-192.168.1.7" daemon [_thread_in_native, id=15632, stack(0x000000001d810000,0x000000001d910000)]
  0x000000001cd78800 JavaThread "RMI Scheduler(0)" daemon [_thread_blocked, id=15200, stack(0x000000001d710000,0x000000001d810000)]
  0x000000001cbcd000 JavaThread "RMI TCP Accept-0" daemon [_thread_in_native, id=6176, stack(0x000000001d510000,0x000000001d610000)]
  0x000000001cbc5800 JavaThread "RMI TCP Connection(1)-127.0.0.1" daemon [_thread_in_native, id=1764, stack(0x000000001d410000,0x000000001d510000)]
  0x000000001cbb9000 JavaThread "RMI TCP Accept-59823" daemon [_thread_in_native, id=8432, stack(0x000000001d310000,0x000000001d410000)]
  0x000000001cba5000 JavaThread "RMI TCP Accept-0" daemon [_thread_in_native, id=5212, stack(0x000000001d210000,0x000000001d310000)]
  0x000000001bc34000 JavaThread "Service Thread" daemon [_thread_blocked, id=11788, stack(0x000000001c910000,0x000000001ca10000)]
  0x000000001bc2d000 JavaThread "C1 CompilerThread3" daemon [_thread_blocked, id=13104, stack(0x000000001c810000,0x000000001c910000)]
  0x000000001bc2a800 JavaThread "C2 CompilerThread2" daemon [_thread_blocked, id=11152, stack(0x000000001c710000,0x000000001c810000)]
  0x000000001bbd2000 JavaThread "C2 CompilerThread1" daemon [_thread_blocked, id=3988, stack(0x000000001c610000,0x000000001c710000)]
  0x000000001bbc2000 JavaThread "C2 CompilerThread0" daemon [_thread_blocked, id=14632, stack(0x000000001c510000,0x000000001c610000)]
  0x000000001bbb2800 JavaThread "JDWP Command Reader" daemon [_thread_in_native, id=11436, stack(0x000000001c410000,0x000000001c510000)]
  0x000000001bbaf000 JavaThread "JDWP Event Helper Thread" daemon [_thread_blocked, id=848, stack(0x000000001c310000,0x000000001c410000)]
  0x000000001bbac800 JavaThread "JDWP Transport Listener: dt_socket" daemon [_thread_blocked, id=2512, stack(0x000000001c210000,0x000000001c310000)]
  0x000000001bb54000 JavaThread "Attach Listener" daemon [_thread_blocked, id=17688, stack(0x000000001c110000,0x000000001c210000)]
  0x000000001bb53000 JavaThread "Signal Dispatcher" daemon [_thread_blocked, id=19012, stack(0x000000001c010000,0x000000001c110000)]
  0x000000001bb30800 JavaThread "Finalizer" daemon [_thread_blocked, id=19568, stack(0x000000001bf10000,0x000000001c010000)]
  0x0000000019c2d000 JavaThread "Reference Handler" daemon [_thread_blocked, id=5364, stack(0x000000001ba10000,0x000000001bb10000)]
  0x0000000004bb6000 JavaThread "main" [_thread_blocked, id=19652, stack(0x0000000004ab0000,0x0000000004bb0000)]

Other Threads:
=>0x0000000019c28800 VMThread [stack: 0x000000001b910000,0x000000001ba10000] [id=12536]
  0x000000001cc3e800 WatcherThread [stack: 0x000000001d610000,0x000000001d710000] [id=4592]

VM state:at safepoint (normal execution)

VM Mutex/Monitor currently owned by a thread:  ([mutex/lock_event])
[0x0000000004bb2f50] Threads_lock - owner thread: 0x0000000019c28800

Heap:
 PSYoungGen      total 226816K, used 84458K [0x00000000d5f00000, 0x00000000e5500000, 0x0000000100000000)
  eden space 209920K, 32% used [0x00000000d5f00000,0x00000000da0fb168,0x00000000e2c00000)
  from space 16896K, 99% used [0x00000000e4200000,0x00000000e527f6e0,0x00000000e5280000)
  to   space 20992K, 0% used [0x00000000e2c00000,0x00000000e2c00000,0x00000000e4080000)
 ParOldGen       total 50176K, used 18823K [0x0000000081c00000, 0x0000000084d00000, 0x00000000d5f00000)
  object space 50176K, 37% used [0x0000000081c00000,0x0000000082e61c60,0x0000000084d00000)
 Metaspace       used 34027K, capacity 35354K, committed 35496K, reserved 1079296K
  class space    used 4534K, capacity 4787K, committed 4864K, reserved 1048576K

Card table byte_map: [0x0000000014070000,0x0000000014470000] byte_map_base: 0x0000000013c62000

Marking Bits: (ParMarkBitMap*) 0x000000006a97a6c0
 Begin Bits: [0x0000000014f20000, 0x0000000016eb0000)
 End Bits:   [0x0000000016eb0000, 0x0000000018e40000)

Polling page: 0x0000000002d80000

CodeCache: size=245760Kb used=8458Kb max_used=8458Kb free=237301Kb
 bounds [0x0000000004cb0000, 0x0000000005500000, 0x0000000013cb0000]
 total_blobs=4396 nmethods=3957 adapters=359
 compilation: enabled

Compilation events (10 events):
Event: 22.384 Thread 0x000000001bc2d000 3983       1       org.springframework.beans.factory.support.AbstractBeanDefinition::getResolvedAutowireMode (59 bytes)
Event: 22.385 Thread 0x000000001bc2d000 nmethod 3983 0x00000000054f1990 code [0x00000000054f1b20, 0x00000000054f1d68]
Event: 22.391 Thread 0x000000001bc2d000 3984       1       org.springframework.beans.factory.support.RootBeanDefinition::<init> (48 bytes)
Event: 22.392 Thread 0x000000001bc2d000 nmethod 3984 0x00000000054f1fd0 code [0x00000000054f2140, 0x00000000054f2368]
Event: 22.392 Thread 0x000000001bc2d000 3985       1       org.springframework.beans.factory.support.AbstractBeanDefinition::hasPropertyValues (23 bytes)
Event: 22.393 Thread 0x000000001bc2d000 nmethod 3985 0x00000000054f2450 code [0x00000000054f25c0, 0x00000000054f2748]
Event: 22.399 Thread 0x000000001bc2d000 3986       1       org.springframework.aop.framework.autoproxy.AbstractAutoProxyCreator::shouldSkip (2 bytes)
Event: 22.399 Thread 0x000000001bc2d000 nmethod 3986 0x00000000054f2810 code [0x00000000054f2960, 0x00000000054f2a70]
Event: 22.401 Thread 0x000000001bc2d000 3987       1       org.springframework.aop.support.annotation.AnnotationMatchingPointcut::getClassFilter (5 bytes)
Event: 22.401 Thread 0x000000001bc2d000 nmethod 3987 0x00000000054f2ad0 code [0x00000000054f2c20, 0x00000000054f2d30]

GC Heap History (10 events):
Event: 10.329 GC heap before
{Heap before GC invocations=5 (full 1):
 PSYoungGen      total 71680K, used 5112K [0x00000000d5f00000, 0x00000000daa00000, 0x0000000100000000)
  eden space 66560K, 0% used [0x00000000d5f00000,0x00000000d5f00000,0x00000000da000000)
  from space 5120K, 99% used [0x00000000da500000,0x00000000da9fe010,0x00000000daa00000)
  to   space 5120K, 0% used [0x00000000da000000,0x00000000da000000,0x00000000da500000)
 ParOldGen       total 87552K, used 7535K [0x0000000081c00000, 0x0000000087180000, 0x00000000d5f00000)
  object space 87552K, 8% used [0x0000000081c00000,0x000000008235bcd8,0x0000000087180000)
 Metaspace       used 20626K, capacity 21214K, committed 21296K, reserved 1067008K
  class space    used 2739K, capacity 2913K, committed 2944K, reserved 1048576K
Event: 10.455 GC heap after
Heap after GC invocations=5 (full 1):
 PSYoungGen      total 71680K, used 0K [0x00000000d5f00000, 0x00000000daa00000, 0x0000000100000000)
  eden space 66560K, 0% used [0x00000000d5f00000,0x00000000d5f00000,0x00000000da000000)
  from space 5120K, 0% used [0x00000000da500000,0x00000000da500000,0x00000000daa00000)
  to   space 5120K, 0% used [0x00000000da000000,0x00000000da000000,0x00000000da500000)
 ParOldGen       total 50176K, used 7570K [0x0000000081c00000, 0x0000000084d00000, 0x00000000d5f00000)
  object space 50176K, 15% used [0x0000000081c00000,0x0000000082364850,0x0000000084d00000)
 Metaspace       used 20626K, capacity 21214K, committed 21296K, reserved 1067008K
  class space    used 2739K, capacity 2913K, committed 2944K, reserved 1048576K
}
Event: 11.682 GC heap before
{Heap before GC invocations=6 (full 1):
 PSYoungGen      total 71680K, used 66560K [0x00000000d5f00000, 0x00000000daa00000, 0x0000000100000000)
  eden space 66560K, 100% used [0x00000000d5f00000,0x00000000da000000,0x00000000da000000)
  from space 5120K, 0% used [0x00000000da500000,0x00000000da500000,0x00000000daa00000)
  to   space 5120K, 0% used [0x00000000da000000,0x00000000da000000,0x00000000da500000)
 ParOldGen       total 50176K, used 7570K [0x0000000081c00000, 0x0000000084d00000, 0x00000000d5f00000)
  object space 50176K, 15% used [0x0000000081c00000,0x0000000082364850,0x0000000084d00000)
 Metaspace       used 22507K, capacity 23176K, committed 23424K, reserved 1069056K
  class space    used 2953K, capacity 3160K, committed 3200K, reserved 1048576K
Event: 11.705 GC heap after
Heap after GC invocations=6 (full 1):
 PSYoungGen      total 71680K, used 4964K [0x00000000d5f00000, 0x00000000dea80000, 0x0000000100000000)
  eden space 66560K, 0% used [0x00000000d5f00000,0x00000000d5f00000,0x00000000da000000)
  from space 5120K, 96% used [0x00000000da000000,0x00000000da4d91f8,0x00000000da500000)
  to   space 9728K, 0% used [0x00000000de100000,0x00000000de100000,0x00000000dea80000)
 ParOldGen       total 50176K, used 7642K [0x0000000081c00000, 0x0000000084d00000, 0x00000000d5f00000)
  object space 50176K, 15% used [0x0000000081c00000,0x0000000082376860,0x0000000084d00000)
 Metaspace       used 22507K, capacity 23176K, committed 23424K, reserved 1069056K
  class space    used 2953K, capacity 3160K, committed 3200K, reserved 1048576K
}
Event: 14.533 GC heap before
{Heap before GC invocations=7 (full 1):
 PSYoungGen      total 71680K, used 71524K [0x00000000d5f00000, 0x00000000dea80000, 0x0000000100000000)
  eden space 66560K, 100% used [0x00000000d5f00000,0x00000000da000000,0x00000000da000000)
  from space 5120K, 96% used [0x00000000da000000,0x00000000da4d91f8,0x00000000da500000)
  to   space 9728K, 0% used [0x00000000de100000,0x00000000de100000,0x00000000dea80000)
 ParOldGen       total 50176K, used 7642K [0x0000000081c00000, 0x0000000084d00000, 0x00000000d5f00000)
  object space 50176K, 15% used [0x0000000081c00000,0x0000000082376860,0x0000000084d00000)
 Metaspace       used 22690K, capacity 23386K, committed 23424K, reserved 1069056K
  class space    used 2985K, capacity 3163K, committed 3200K, reserved 1048576K
Event: 14.551 GC heap after
Heap after GC invocations=7 (full 1):
 PSYoungGen      total 130560K, used 9704K [0x00000000d5f00000, 0x00000000ded00000, 0x0000000100000000)
  eden space 120832K, 0% used [0x00000000d5f00000,0x00000000d5f00000,0x00000000dd500000)
  from space 9728K, 99% used [0x00000000de100000,0x00000000dea7a038,0x00000000dea80000)
  to   space 12288K, 0% used [0x00000000dd500000,0x00000000dd500000,0x00000000de100000)
 ParOldGen       total 50176K, used 9556K [0x0000000081c00000, 0x0000000084d00000, 0x00000000d5f00000)
  object space 50176K, 19% used [0x0000000081c00000,0x0000000082555050,0x0000000084d00000)
 Metaspace       used 22690K, capacity 23386K, committed 23424K, reserved 1069056K
  class space    used 2985K, capacity 3163K, committed 3200K, reserved 1048576K
}
Event: 17.554 GC heap before
{Heap before GC invocations=8 (full 1):
 PSYoungGen      total 130560K, used 130536K [0x00000000d5f00000, 0x00000000ded00000, 0x0000000100000000)
  eden space 120832K, 100% used [0x00000000d5f00000,0x00000000dd500000,0x00000000dd500000)
  from space 9728K, 99% used [0x00000000de100000,0x00000000dea7a038,0x00000000dea80000)
  to   space 12288K, 0% used [0x00000000dd500000,0x00000000dd500000,0x00000000de100000)
 ParOldGen       total 50176K, used 9556K [0x0000000081c00000, 0x0000000084d00000, 0x00000000d5f00000)
  object space 50176K, 19% used [0x0000000081c00000,0x0000000082555050,0x0000000084d00000)
 Metaspace       used 26942K, capacity 27842K, committed 27904K, reserved 1073152K
  class space    used 3599K, capacity 3823K, committed 3840K, reserved 1048576K
Event: 17.601 GC heap after
Heap after GC invocations=8 (full 1):
 PSYoungGen      total 133120K, used 12264K [0x00000000d5f00000, 0x00000000e5280000, 0x0000000100000000)
  eden space 120832K, 0% used [0x00000000d5f00000,0x00000000d5f00000,0x00000000dd500000)
  from space 12288K, 99% used [0x00000000dd500000,0x00000000de0fa300,0x00000000de100000)
  to   space 16896K, 0% used [0x00000000e4200000,0x00000000e4200000,0x00000000e5280000)
 ParOldGen       total 50176K, used 14859K [0x0000000081c00000, 0x0000000084d00000, 0x00000000d5f00000)
  object space 50176K, 29% used [0x0000000081c00000,0x0000000082a82f48,0x0000000084d00000)
 Metaspace       used 26942K, capacity 27842K, committed 27904K, reserved 1073152K
  class space    used 3599K, capacity 3823K, committed 3840K, reserved 1048576K
}
Event: 21.548 GC heap before
{Heap before GC invocations=9 (full 1):
 PSYoungGen      total 133120K, used 133096K [0x00000000d5f00000, 0x00000000e5280000, 0x0000000100000000)
  eden space 120832K, 100% used [0x00000000d5f00000,0x00000000dd500000,0x00000000dd500000)
  from space 12288K, 99% used [0x00000000dd500000,0x00000000de0fa300,0x00000000de100000)
  to   space 16896K, 0% used [0x00000000e4200000,0x00000000e4200000,0x00000000e5280000)
 ParOldGen       total 50176K, used 14859K [0x0000000081c00000, 0x0000000084d00000, 0x00000000d5f00000)
  object space 50176K, 29% used [0x0000000081c00000,0x0000000082a82f48,0x0000000084d00000)
 Metaspace       used 33805K, capacity 35144K, committed 35328K, reserved 1079296K
  class space    used 4518K, capacity 4784K, committed 4864K, reserved 1048576K
Event: 21.571 GC heap after
Heap after GC invocations=9 (full 1):
 PSYoungGen      total 226816K, used 16893K [0x00000000d5f00000, 0x00000000e5500000, 0x0000000100000000)
  eden space 209920K, 0% used [0x00000000d5f00000,0x00000000d5f00000,0x00000000e2c00000)
  from space 16896K, 99% used [0x00000000e4200000,0x00000000e527f6e0,0x00000000e5280000)
  to   space 20992K, 0% used [0x00000000e2c00000,0x00000000e2c00000,0x00000000e4080000)
 ParOldGen       total 50176K, used 18823K [0x0000000081c00000, 0x0000000084d00000, 0x00000000d5f00000)
  object space 50176K, 37% used [0x0000000081c00000,0x0000000082e61c60,0x0000000084d00000)
 Metaspace       used 33805K, capacity 35144K, committed 35328K, reserved 1079296K
  class space    used 4518K, capacity 4784K, committed 4864K, reserved 1048576K
}

Deoptimization events (0 events):
No events

Internal exceptions (10 events):
Event: 22.385 Thread 0x0000000004bb6000 Exception <a 'java/lang/ClassNotFoundException': java/lang/ObjectCustomizer> (0x00000000d9e0ec90) thrown at [C:\re\workspace\8-2-build-windows-amd64-cygwin\jdk8u111\7883\hotspot\src\share\vm\classfile\systemDictionary.cpp, line 210]
Event: 22.386 Thread 0x0000000004bb6000 Exception <a 'java/lang/ClassNotFoundException': com/my/service/TopicServiceImplCustomizer> (0x00000000d9e20498) thrown at [C:\re\workspace\8-2-build-windows-amd64-cygwin\jdk8u111\7883\hotspot\src\share\vm\classfile\systemDictionary.cpp, line 210]
Event: 22.389 Thread 0x0000000004bb6000 Exception <a 'java/lang/ClassNotFoundException': com/my/service/TopicServiceCustomizer> (0x00000000d9e30c10) thrown at [C:\re\workspace\8-2-build-windows-amd64-cygwin\jdk8u111\7883\hotspot\src\share\vm\classfile\systemDictionary.cpp, line 210]
Event: 22.409 Thread 0x0000000004bb6000 Exception <a 'java/lang/ClassNotFoundException': java/lang/ObjectCustomizer> (0x00000000d9e6e0f8) thrown at [C:\re\workspace\8-2-build-windows-amd64-cygwin\jdk8u111\7883\hotspot\src\share\vm\classfile\systemDictionary.cpp, line 210]
Event: 22.414 Thread 0x0000000004bb6000 Exception <a 'java/lang/ClassNotFoundException': com/my/service/UsersTopicServiceImplCustomizer> (0x00000000d9e80938) thrown at [C:\re\workspace\8-2-build-windows-amd64-cygwin\jdk8u111\7883\hotspot\src\share\vm\classfile\systemDictionary.cpp, line 210]
Event: 22.415 Thread 0x0000000004bb6000 Exception <a 'java/lang/ClassNotFoundException': com/my/service/UsersTopicServiceCustomizer> (0x00000000d9e90a00) thrown at [C:\re\workspace\8-2-build-windows-amd64-cygwin\jdk8u111\7883\hotspot\src\share\vm\classfile\systemDictionary.cpp, line 210]
Event: 22.428 Thread 0x0000000004bb6000 Exception <a 'java/lang/ClassNotFoundException': java/lang/ObjectCustomizer> (0x00000000d9edb6c0) thrown at [C:\re\workspace\8-2-build-windows-amd64-cygwin\jdk8u111\7883\hotspot\src\share\vm\classfile\systemDictionary.cpp, line 210]
Event: 22.429 Thread 0x0000000004bb6000 Exception <a 'java/lang/ClassNotFoundException': com/my/controller/UsersControllerCustomizer> (0x00000000d9eedac8) thrown at [C:\re\workspace\8-2-build-windows-amd64-cygwin\jdk8u111\7883\hotspot\src\share\vm\classfile\systemDictionary.cpp, line 210]
Event: 22.435 Thread 0x0000000004bb6000 Exception <a 'java/lang/ClassNotFoundException': java/lang/ObjectCustomizer> (0x00000000d9f04f08) thrown at [C:\re\workspace\8-2-build-windows-amd64-cygwin\jdk8u111\7883\hotspot\src\share\vm\classfile\systemDictionary.cpp, line 210]
Event: 22.436 Thread 0x0000000004bb6000 Exception <a 'java/lang/ClassNotFoundException': com/my/controller/VerifyCodeControllerCustomizer> (0x00000000d9f17f78) thrown at [C:\re\workspace\8-2-build-windows-amd64-cygwin\jdk8u111\7883\hotspot\src\share\vm\classfile\systemDictionary.cpp, line 210]

Events (10 events):
Event: 22.436 Thread 0x0000000004bb6000 DEOPT UNPACKING pc=0x0000000004cf787f sp=0x0000000004bad7e0 mode 1
Event: 22.436 Thread 0x0000000004bb6000 DEOPT PACKING pc=0x0000000004f271cc sp=0x0000000004bae3d0
Event: 22.436 Thread 0x0000000004bb6000 DEOPT UNPACKING pc=0x0000000004cf787f sp=0x0000000004bae130 mode 1
Event: 22.436 Thread 0x0000000004bb6000 DEOPT PACKING pc=0x00000000053c8904 sp=0x0000000004bae470
Event: 22.436 Thread 0x0000000004bb6000 DEOPT UNPACKING pc=0x0000000004cf787f sp=0x0000000004bae278 mode 1
Event: 22.436 loading class com/my/controller/VerifyCodeControllerCustomizer
Event: 22.436 loading class com/my/controller/VerifyCodeControllerCustomizer done
Event: 22.436 Thread 0x0000000004bb6000 DEOPT PACKING pc=0x0000000004ff111c sp=0x0000000004bae4b0
Event: 22.436 Thread 0x0000000004bb6000 DEOPT UNPACKING pc=0x0000000004cf787f sp=0x0000000004bae208 mode 1
Event: 22.502 Executing VM operation: ChangeBreakpoints


Dynamic libraries:
0x00007ff60a820000 - 0x00007ff60a857000 	C:\Program Files\Java\jdk1.8.0_111\bin\java.exe
0x00007ffeaaeb0000 - 0x00007ffeab090000 	C:\WINDOWS\SYSTEM32\ntdll.dll
0x00007ffea9b30000 - 0x00007ffea9bde000 	C:\WINDOWS\System32\KERNEL32.DLL
0x00007ffea7820000 - 0x00007ffea7a86000 	C:\WINDOWS\System32\KERNELBASE.dll
0x00007ffea9a80000 - 0x00007ffea9b21000 	C:\WINDOWS\System32\ADVAPI32.dll
0x00007ffeaac40000 - 0x00007ffeaacdd000 	C:\WINDOWS\System32\msvcrt.dll
0x00007ffeaace0000 - 0x00007ffeaad3b000 	C:\WINDOWS\System32\sechost.dll
0x00007ffea9dd0000 - 0x00007ffea9eef000 	C:\WINDOWS\System32\RPCRT4.dll
0x00007ffea98f0000 - 0x00007ffea9a7f000 	C:\WINDOWS\System32\USER32.dll
0x00007ffea7480000 - 0x00007ffea74a0000 	C:\WINDOWS\System32\win32u.dll
0x00007ffeaa790000 - 0x00007ffeaa7b8000 	C:\WINDOWS\System32\GDI32.dll
0x00007ffea81e0000 - 0x00007ffea8373000 	C:\WINDOWS\System32\gdi32full.dll
0x00007ffea7500000 - 0x00007ffea759b000 	C:\WINDOWS\System32\msvcp_win.dll
0x00007ffea7620000 - 0x00007ffea7715000 	C:\WINDOWS\System32\ucrtbase.dll
0x00007ffe99230000 - 0x00007ffe99499000 	C:\WINDOWS\WinSxS\amd64_microsoft.windows.common-controls_6595b64144ccf1df_6.0.16299.726_none_15ccdb369361144a\COMCTL32.dll
0x00007ffeaa2e0000 - 0x00007ffeaa5e7000 	C:\WINDOWS\System32\combase.dll
0x00007ffea75a0000 - 0x00007ffea7612000 	C:\WINDOWS\System32\bcryptPrimitives.dll
0x00007ffeaac10000 - 0x00007ffeaac3d000 	C:\WINDOWS\System32\IMM32.DLL
0x000000006aa00000 - 0x000000006aad2000 	C:\Program Files\Java\jdk1.8.0_111\jre\bin\msvcr100.dll
0x000000006a160000 - 0x000000006a9fa000 	C:\Program Files\Java\jdk1.8.0_111\jre\bin\server\jvm.dll
0x00007ffeaa180000 - 0x00007ffeaa188000 	C:\WINDOWS\System32\PSAPI.DLL
0x00007ffe9dc50000 - 0x00007ffe9dc59000 	C:\WINDOWS\SYSTEM32\WSOCK32.dll
0x00007ffeaadb0000 - 0x00007ffeaae1c000 	C:\WINDOWS\System32\WS2_32.dll
0x00007ffea5190000 - 0x00007ffea51b3000 	C:\WINDOWS\SYSTEM32\WINMM.dll
0x00007ffea2220000 - 0x00007ffea222a000 	C:\WINDOWS\SYSTEM32\VERSION.dll
0x00007ffea5160000 - 0x00007ffea518a000 	C:\WINDOWS\SYSTEM32\WINMMBASE.dll
0x00007ffea7720000 - 0x00007ffea776a000 	C:\WINDOWS\System32\cfgmgr32.dll
0x000000006b340000 - 0x000000006b34f000 	C:\Program Files\Java\jdk1.8.0_111\jre\bin\verify.dll
0x000000006a130000 - 0x000000006a159000 	C:\Program Files\Java\jdk1.8.0_111\jre\bin\java.dll
0x000000006a0f0000 - 0x000000006a125000 	C:\Program Files\Java\jdk1.8.0_111\jre\bin\jdwp.dll
0x000000006b330000 - 0x000000006b338000 	C:\Program Files\Java\jdk1.8.0_111\jre\bin\npt.dll
0x000000006a0d0000 - 0x000000006a0e6000 	C:\Program Files\Java\jdk1.8.0_111\jre\bin\zip.dll
0x00007ffea8430000 - 0x00007ffea9868000 	C:\WINDOWS\System32\SHELL32.dll
0x00007ffea8380000 - 0x00007ffea8426000 	C:\WINDOWS\System32\shcore.dll
0x00007ffea7a90000 - 0x00007ffea81d7000 	C:\WINDOWS\System32\windows.storage.dll
0x00007ffea9870000 - 0x00007ffea98c1000 	C:\WINDOWS\System32\shlwapi.dll
0x00007ffea7290000 - 0x00007ffea72a1000 	C:\WINDOWS\System32\kernel.appcore.dll
0x00007ffea7220000 - 0x00007ffea726c000 	C:\WINDOWS\System32\powrprof.dll
0x00007ffea7270000 - 0x00007ffea728b000 	C:\WINDOWS\System32\profapi.dll
0x000000006b320000 - 0x000000006b329000 	C:\Program Files\Java\jdk1.8.0_111\jre\bin\dt_socket.dll
0x00007ffea6a30000 - 0x00007ffea6a96000 	C:\WINDOWS\system32\mswsock.dll
0x000000006a080000 - 0x000000006a08d000 	C:\Program Files\Java\jdk1.8.0_111\jre\bin\management.dll
0x000000006a0b0000 - 0x000000006a0ca000 	C:\Program Files\Java\jdk1.8.0_111\jre\bin\net.dll
0x000000006a090000 - 0x000000006a0a1000 	C:\Program Files\Java\jdk1.8.0_111\jre\bin\nio.dll
0x00007ffe9af10000 - 0x00007ffe9af26000 	C:\WINDOWS\system32\napinsp.dll
0x00007ffe9aef0000 - 0x00007ffe9af0a000 	C:\WINDOWS\system32\pnrpnsp.dll
0x00007ffea3c90000 - 0x00007ffea3ca8000 	C:\WINDOWS\system32\NLAapi.dll
0x00007ffea6800000 - 0x00007ffea68b6000 	C:\WINDOWS\SYSTEM32\DNSAPI.dll
0x00007ffea9ef0000 - 0x00007ffea9ef8000 	C:\WINDOWS\System32\NSI.dll
0x00007ffea67c0000 - 0x00007ffea67f9000 	C:\WINDOWS\SYSTEM32\IPHLPAPI.DLL
0x00007ffe9b400000 - 0x00007ffe9b40e000 	C:\WINDOWS\System32\winrnr.dll
0x00007ffe9aed0000 - 0x00007ffe9aee5000 	C:\WINDOWS\System32\wshbth.dll
0x00007ffe9f2d0000 - 0x00007ffe9f2da000 	C:\Windows\System32\rasadhlp.dll
0x00007ffe9f950000 - 0x00007ffe9f9c0000 	C:\WINDOWS\System32\fwpuclnt.dll
0x00007ffea6d00000 - 0x00007ffea6d25000 	C:\WINDOWS\SYSTEM32\bcrypt.dll
0x00007ffea6c00000 - 0x00007ffea6c17000 	C:\WINDOWS\SYSTEM32\CRYPTSP.dll
0x00007ffea6630000 - 0x00007ffea6663000 	C:\WINDOWS\system32\rsaenh.dll
0x00007ffea7130000 - 0x00007ffea7159000 	C:\WINDOWS\SYSTEM32\USERENV.dll
0x00007ffea6bf0000 - 0x00007ffea6bfb000 	C:\WINDOWS\SYSTEM32\CRYPTBASE.dll
0x00007ffe9f7f0000 - 0x00007ffe9f806000 	C:\WINDOWS\SYSTEM32\dhcpcsvc6.DLL
0x00007ffe9f7d0000 - 0x00007ffe9f7ea000 	C:\WINDOWS\SYSTEM32\dhcpcsvc.DLL

VM Arguments:
jvm_args: -agentlib:jdwp=transport=dt_socket,address=127.0.0.1:59824,suspend=y,server=n -XX:TieredStopAtLevel=1 -Xverify:none -Dspring.output.ansi.enabled=always -Dcom.sun.management.jmxremote -Dcom.sun.management.jmxremote.port=59823 -Dcom.sun.management.jmxremote.authenticate=false -Dcom.sun.management.jmxremote.ssl=false -Dspring.liveBeansView.mbeanDomain -Dspring.application.admin.enabled=true -Dfile.encoding=GBK 
java_command: com.my.SpringbootdemoApplication
java_class_path (initial): C:\Program Files\Java\jdk1.8.0_111\jre\lib\charsets.jar;C:\Program Files\Java\jdk1.8.0_111\jre\lib\deploy.jar;C:\Program Files\Java\jdk1.8.0_111\jre\lib\ext\access-bridge-64.jar;C:\Program Files\Java\jdk1.8.0_111\jre\lib\ext\bcprov-ext-jdk15on-1.54.jar;C:\Program Files\Java\jdk1.8.0_111\jre\lib\ext\bcprov-jdk15on-1.54.jar;C:\Program Files\Java\jdk1.8.0_111\jre\lib\ext\cldrdata.jar;C:\Program Files\Java\jdk1.8.0_111\jre\lib\ext\dnsns.jar;C:\Program Files\Java\jdk1.8.0_111\jre\lib\ext\jaccess.jar;C:\Program Files\Java\jdk1.8.0_111\jre\lib\ext\jfxrt.jar;C:\Program Files\Java\jdk1.8.0_111\jre\lib\ext\localedata.jar;C:\Program Files\Java\jdk1.8.0_111\jre\lib\ext\nashorn.jar;C:\Program Files\Java\jdk1.8.0_111\jre\lib\ext\sunec.jar;C:\Program Files\Java\jdk1.8.0_111\jre\lib\ext\sunjce_provider.jar;C:\Program Files\Java\jdk1.8.0_111\jre\lib\ext\sunmscapi.jar;C:\Program Files\Java\jdk1.8.0_111\jre\lib\ext\sunpkcs11.jar;C:\Program Files\Java\jdk1.8.0_111\jre\lib\ext\zipfs.jar;C:\Program Files\Java\jdk1.8.0_111\jre\lib\javaws.jar;C:\Program Files\Java\jdk1.8.0_111\jre\lib\jce.jar;C:\Program Files\Java\jdk1.8.0_111\jre\lib\jfr.jar;C:\Program Files\Java\jdk1.8.0_111\jre\lib\jfxswt.jar;C:\Program Files\Java\jdk1.8.0_111\jre\lib\jsse.jar;C:\Program Files\Java\jdk1.8.0_111\jre\lib\management-agent.jar;C:\Program Files\Java\jdk1.8.0_111\jre\lib\plugin.jar;C:\Program Files\Java\jdk1.8.0_111\jre\lib\resources.jar;C:\Program Files\Java\jdk1.8.0_111\jre\lib\rt.jar;D:\Program Files\qqp\994308383\FileRecv\MobileFile\springbootdemo\target\classes;C:\Users\MY\.m2\repository\commons-io\commons-io\2.2\commons-io-2.2.jar;C:\Users\MY\.m2\repository\org\springframework\boot\spring-boot-starter-web\2.0.4.RELEASE\spring-boot-starter-web-2.0.4.RELEASE.jar;C:\Users\MY\.m2\repository\org\springframework\boot\spring-boot-starter\2.0.4.RELEASE\spring-boot-starter-2.0.4.RELEASE.jar;C:\Users\MY\.m2\repository\org\springframework\boot\spring-boot\2.0.4.RELEASE\spring-boot-2.0.
Launcher Type: SUN_STANDARD

Environment Variables:
JAVA_HOME=C:\Program Files\Java\jdk1.8.0_111
CLASSPATH=.;C:\Program Files\Java\jdk1.8.0_111\lib;C:\Program Files\Java\jdk1.8.0_111\lib\tools.jar
PATH=C:\Python27\Scripts;C:\Python27;C:\Program Files\Python36\Scripts\;C:\Program Files\Python36\;C:\Windows\system32;C:\Windows;C:\Windows\System32\Wbem;C:\Windows\System32\WindowsPowerShell\v1.0\;C:\Program Files\Microsoft SQL Server\110\Tools\Binn\;C:\Program Files (x86)\NVIDIA Corporation\PhysX\Common;C:\Program Files\MySQL\MySQL Utilities 1.6\;C:\Program Files (x86)\Autodesk\Backburner\;C:\Program Files\Microsoft SQL Server\110\DTS\Binn\;C:\Program Files (x86)\Microsoft SQL Server\110\Tools\Binn\;C:\Program Files (x86)\Microsoft SQL Server\110\Tools\Binn\ManagementStudio\;C:\Program Files (x86)\Microsoft Visual Studio 10.0\Common7\IDE\PrivateAssemblies\;C:\Program Files (x86)\Microsoft SQL Server\110\DTS\Binn\;C:\Program Files\Git\cmd;C:\WINDOWS\system32;C:\WINDOWS;C:\WINDOWS\System32\Wbem;C:\WINDOWS\System32\WindowsPowerShell\v1.0\;C:\Program Files (x86)\Inno Setup 5;C:\Program Files\PuTTY\;C:\Program Files\Java\jdk1.8.0_111\bin;C:\Program Files\Java\jdk1.8.0_111\jre\bin;C:\Program Files\MySQL\MySQL Server 5.7\bin;C:\Program Files (x86)\Subversion\bin;C:\Program Files (x86)\Lua\5.1;C:\Program Files (x86)\Lua\5.1\clibs;C:\Program Files\Microsoft VS Code\bin;C:\Program Files\cURL\bin;C:\opencv\build\x64\vc14\bin;C:\Users\MY\AppData\Local\Microsoft\WindowsApps;
USERNAME=MY
OS=Windows_NT
PROCESSOR_IDENTIFIER=Intel64 Family 6 Model 60 Stepping 3, GenuineIntel



---------------  S Y S T E M  ---------------

OS: Windows 10.0 , 64 bit Build 16299 (10.0.16299.431)

CPU:total 8 (4 cores per cpu, 2 threads per core) family 6 model 60 stepping 3, cmov, cx8, fxsr, mmx, sse, sse2, sse3, ssse3, sse4.1, sse4.2, popcnt, avx, avx2, aes, clmul, erms, lzcnt, ht, tsc, tscinvbit, bmi1, bmi2

Memory: 4k page, physical 8269928k(638484k free), swap 26095720k(9795684k free)

vm_info: Java HotSpot(TM) 64-Bit Server VM (25.111-b14) for windows-amd64 JRE (1.8.0_111-b14), built on Sep 22 2016 19:24:05 by "java_re" with MS VC++ 10.0 (VS2010)

time: Sun Dec 02 22:35:24 2018
elapsed time: 22 seconds (0d 0h 0m 22s)

